Arguments: 
  /usr/local/bin/node /usr/local/bin/yarn publish

PATH: 
  /Library/Java/JavaVirtualMachines/zulu-11.jdk/Contents/Home/bin:/Library/Frameworks/Python.framework/Versions/3.11/bin:/Library/Frameworks/Python.framework/Versions/3.10/bin:/usr/local/bin:/System/Cryptexes/App/usr/bin:/usr/bin:/bin:/usr/sbin:/sbin:/Library/Apple/usr/bin:/Library/Java/JavaVirtualMachines/zulu-11.jdk/Contents/Home/bin:/Library/Frameworks/Python.framework/Versions/3.11/bin:/Library/Frameworks/Python.framework/Versions/3.10/bin

Yarn version: 
  1.22.17

Node version: 
  16.14.0

Platform: 
  darwin x64

Trace: 
  Error: https://registry.yarnpkg.com/-/user/org.couchdb.user:burbigo: failed to authenticate: Could not authenticate burbigo: bad password
      at Request.params.callback [as _callback] (/usr/local/lib/node_modules/yarn/lib/cli.js:67029:18)
      at Request.self.callback (/usr/local/lib/node_modules/yarn/lib/cli.js:140883:22)
      at Request.emit (node:events:520:28)
      at Request.<anonymous> (/usr/local/lib/node_modules/yarn/lib/cli.js:141855:10)
      at Request.emit (node:events:520:28)
      at IncomingMessage.<anonymous> (/usr/local/lib/node_modules/yarn/lib/cli.js:141777:12)
      at Object.onceWrapper (node:events:639:28)
      at IncomingMessage.emit (node:events:532:35)
      at endReadableNT (node:internal/streams/readable:1346:12)
      at processTicksAndRejections (node:internal/process/task_queues:83:21)

npm manifest: 
  {
    "name": "@burbigo/test-github-package",
    "version": "1.0.0",
    "description": "",
    "main": "index.js",
    "publishConfig": {
      "@burbigo:registry": "https://npm.pkg.github.com"
    },
    "scripts": {
      "test": "echo \"Error: no test specified\" && exit 1"
    },
    "repository": {
      "type": "git",
      "url": "git+https://github.com/Burbigo/test-github-package.git"
    },
    "author": "",
    "license": "ISC",
    "bugs": {
      "url": "https://github.com/Burbigo/test-github-package/issues"
    },
    "homepage": "https://github.com/Burbigo/test-github-package#readme"
  }

yarn manifest: 
  No manifest

Lockfile: 
  No lockfile
